<?xml version="1.0" encoding="UTF-8"?>
<!-- Generated by org.testng.reporters.JUnitReportReporter -->
<testsuite hostname="DESKTOP-J3R40NR" failures="0" tests="2" name="org.cyient.megentotest.LoginTest" time="47.863" errors="0" timestamp="2021-06-05T15:10:15 IST" skipped="0">
  <testcase classname="org.cyient.megentotest.LoginTest" name="invalidCredintial" time="25.287"/>
  <system-out/>
  <testcase classname="org.cyient.megentotest.LoginTest" name="validCredentialTest" time="22.576"/>
  <system-out/>
</testsuite> <!-- org.cyient.megentotest.LoginTest -->
