<?xml version="1.0" encoding="UTF-8"?>
<!-- Generated by org.testng.reporters.JUnitReportReporter -->
<testsuite hostname="DESKTOP-J3R40NR" failures="0" tests="1" name="org.cyient.openemrtest.PatientTest" time="41.951" errors="0" timestamp="2021-06-08T11:39:21 IST" skipped="0">
  <testcase classname="org.cyient.openemrtest.PatientTest" name="addPatientTest" time="41.951"/>
  <system-out/>
</testsuite> <!-- org.cyient.openemrtest.PatientTest -->
