<?xml version="1.0" encoding="UTF-8"?>
<!-- Generated by org.testng.reporters.JUnitReportReporter -->
<testsuite hostname="DESKTOP-J3R40NR" failures="0" tests="2" name="org.cyient.test.LoginTest" time="119.933" errors="0" timestamp="2021-06-09T12:33:12 IST" skipped="0">
  <testcase classname="org.cyient.test.LoginTest" name="validCredentialTest" time="47.170"/>
  <system-out/>
  <testcase classname="org.cyient.test.LoginTest" name="validCredentialTest" time="72.763"/>
  <system-out/>
</testsuite> <!-- org.cyient.test.LoginTest -->
