<?xml version="1.0" encoding="UTF-8"?>
<!-- Generated by org.testng.reporters.JUnitReportReporter -->
<testsuite hostname="DESKTOP-J3R40NR" failures="0" tests="2" name="org.cyient.openemrtest.LoginTest" time="73.082" errors="0" timestamp="2021-06-08T12:49:24 IST" skipped="0">
  <testcase classname="org.cyient.openemrtest.LoginTest" name="invalidCredintialTest" time="34.557"/>
  <system-out/>
  <testcase classname="org.cyient.openemrtest.LoginTest" name="invalidCredintialTest" time="38.525"/>
  <system-out/>
</testsuite> <!-- org.cyient.openemrtest.LoginTest -->
